[12/11/2025 03:30:31 p. m.] [ERROR] CConnection::CConnection - establishing connection to MySQL database failed: #2019 'Can't initialize character set unknown (path: compiled_in)'
[12/11/2025 03:30:31 p. m.] [ERROR] CConnection::CConnection - establishing connection to MySQL database failed: #2019 'Can't initialize character set unknown (path: compiled_in)'
[12/11/2025 03:30:31 p. m.] [ERROR] CConnection::CConnection - establishing connection to MySQL database failed: #2019 'Can't initialize character set unknown (path: compiled_in)'
[12/11/2025 03:30:31 p. m.] [ERROR] CConnection::CConnection - establishing connection to MySQL database failed: #2019 'Can't initialize character set unknown (path: compiled_in)'
[12/11/2025 03:33:57 p. m.] [ERROR] CConnection::CConnection - establishing connection to MySQL database failed: #2019 'Can't initialize character set unknown (path: compiled_in)'
[12/11/2025 03:33:57 p. m.] [ERROR] CConnection::CConnection - establishing connection to MySQL database failed: #2019 'Can't initialize character set unknown (path: compiled_in)'
[12/11/2025 03:33:57 p. m.] [ERROR] CConnection::CConnection - establishing connection to MySQL database failed: #2019 'Can't initialize character set unknown (path: compiled_in)'
[12/11/2025 03:33:57 p. m.] [ERROR] CConnection::CConnection - establishing connection to MySQL database failed: #2019 'Can't initialize character set unknown (path: compiled_in)'
[12/11/2025 03:35:10 p. m.] [ERROR] CConnection::CConnection - establishing connection to MySQL database failed: #2019 'Can't initialize character set unknown (path: compiled_in)'
[12/11/2025 03:35:10 p. m.] [ERROR] CConnection::CConnection - establishing connection to MySQL database failed: #2019 'Can't initialize character set unknown (path: compiled_in)'
[12/11/2025 03:35:10 p. m.] [ERROR] CConnection::CConnection - establishing connection to MySQL database failed: #2019 'Can't initialize character set unknown (path: compiled_in)'
[12/11/2025 03:35:10 p. m.] [ERROR] CConnection::CConnection - establishing connection to MySQL database failed: #2019 'Can't initialize character set unknown (path: compiled_in)'
[12/11/2025 03:36:05 p. m.] [ERROR] CConnection::CConnection - establishing connection to MySQL database failed: #2019 'Can't initialize character set unknown (path: compiled_in)'
[12/11/2025 03:36:05 p. m.] [ERROR] CConnection::CConnection - establishing connection to MySQL database failed: #2019 'Can't initialize character set unknown (path: compiled_in)'
[12/11/2025 03:36:05 p. m.] [ERROR] CConnection::CConnection - establishing connection to MySQL database failed: #2019 'Can't initialize character set unknown (path: compiled_in)'
[12/11/2025 03:36:05 p. m.] [ERROR] CConnection::CConnection - establishing connection to MySQL database failed: #2019 'Can't initialize character set unknown (path: compiled_in)'
[12/11/2025 03:45:10 p. m.] [ERROR] CConnection::CConnection - establishing connection to MySQL database failed: #2059 'Plugin caching_sha2_password could not be loaded: No se puede encontrar el módulo especificado.
'
[12/11/2025 03:45:10 p. m.] [ERROR] CConnection::CConnection - establishing connection to MySQL database failed: #2059 'Plugin caching_sha2_password could not be loaded: No se puede encontrar el módulo especificado.
'
[12/11/2025 03:45:10 p. m.] [ERROR] CConnection::CConnection - establishing connection to MySQL database failed: #2059 'Plugin caching_sha2_password could not be loaded: No se puede encontrar el módulo especificado.
'
[12/11/2025 03:45:10 p. m.] [ERROR] CConnection::CConnection - establishing connection to MySQL database failed: #2059 'Plugin caching_sha2_password could not be loaded: No se puede encontrar el módulo especificado.
'
[12/11/2025 07:38:43 p. m.] [ERROR] mysql_format: no value for specifier '%s' passed
[12/11/2025 07:38:43 p. m.] [ERROR] error #1065 while executing query "": Query was empty
[12/11/2025 07:54:34 p. m.] [ERROR] mysql_tquery: callback error: parameter count does not match format specifier length
[12/11/2025 07:55:44 p. m.] [ERROR] mysql_tquery: callback error: parameter count does not match format specifier length
[12/11/2025 07:56:39 p. m.] [ERROR] mysql_tquery: callback error: parameter count does not match format specifier length
[12/11/2025 07:58:14 p. m.] [ERROR] mysql_tquery: callback error: parameter count does not match format specifier length
[12/11/2025 08:00:47 p. m.] [ERROR] mysql_tquery: callback error: parameter count does not match format specifier length
[12/11/2025 08:09:02 p. m.] [ERROR] mysql_tquery: callback error: parameter count does not match format specifier length
[12/11/2025 08:32:51 p. m.] [ERROR] mysql_tquery: callback error: parameter count does not match format specifier length
[12/11/2025 08:34:57 p. m.] [ERROR] mysql_tquery: callback error: parameter count does not match format specifier length
[12/11/2025 08:36:05 p. m.] [ERROR] mysql_tquery: callback error: parameter count does not match format specifier length
[12/11/2025 08:40:24 p. m.] [ERROR] error #1146 while executing query "SELECT * FROM users WHERE username = 'Hola'": Table 'sampnew.users' doesn't exist
[12/11/2025 08:41:43 p. m.] [ERROR] error #1146 while executing query "SELECT * FROM users WHERE username = 'Hola'": Table 'sampnew.users' doesn't exist
[12/11/2025 08:45:44 p. m.] [ERROR] error #1146 while executing query "SELECT * FROM users WHERE username = 'Hola'": Table 'sampnew.users' doesn't exist
[12/11/2025 08:47:46 p. m.] [ERROR] error #1146 while executing query "SELECT * FROM users WHERE username = 'Hola'": Table 'sampnew.users' doesn't exist
[12/11/2025 08:51:04 p. m.] [ERROR] mysql_tquery: callback error: parameter count does not match format specifier length
